{"/Users/alberto/Documents/technical-challenge/source/config/dynamodb.js": {"path":"/Users/alberto/Documents/technical-challenge/source/config/dynamodb.js","statementMap":{"0":{"start":{"line":1,"column":21},"end":{"line":1,"column":39}},"1":{"start":{"line":3,"column":17},"end":{"line":7,"column":2}},"2":{"start":{"line":9,"column":19},"end":{"line":9,"column":41}},"3":{"start":{"line":11,"column":0},"end":{"line":14,"column":2}}},"fnMap":{},"branchMap":{"0":{"loc":{"start":{"line":4,"column":10},"end":{"line":4,"column":47}},"type":"binary-expr","locations":[{"start":{"line":4,"column":10},"end":{"line":4,"column":32}},{"start":{"line":4,"column":36},"end":{"line":4,"column":47}}],"line":4}},"s":{"0":1,"1":1,"2":1,"3":1},"f":{},"b":{"0":[1,1]},"_coverageSchema":"1a1c01bbd47fc00a2c39e90264f33305004495a9","hash":"93a4de159b8e3ebeccc151da8953018557915ee8"}
,"/Users/alberto/Documents/technical-challenge/source/functions/list-star-wars/handler.js": {"path":"/Users/alberto/Documents/technical-challenge/source/functions/list-star-wars/handler.js","statementMap":{"0":{"start":{"line":1,"column":20},"end":{"line":1,"column":62}},"1":{"start":{"line":3,"column":0},"end":{"line":13,"column":2}},"2":{"start":{"line":4,"column":2},"end":{"line":12,"column":3}},"3":{"start":{"line":5,"column":20},"end":{"line":5,"column":35}},"4":{"start":{"line":6,"column":4},"end":{"line":9,"column":6}},"5":{"start":{"line":11,"column":4},"end":{"line":11,"column":32}}},"fnMap":{"0":{"name":"(anonymous_0)","decl":{"start":{"line":3,"column":22},"end":{"line":3,"column":23}},"loc":{"start":{"line":3,"column":34},"end":{"line":13,"column":1}},"line":3}},"branchMap":{},"s":{"0":1,"1":1,"2":3,"3":3,"4":2,"5":1},"f":{"0":3},"b":{},"_coverageSchema":"1a1c01bbd47fc00a2c39e90264f33305004495a9","hash":"de04e67dd22dcd3fb470ba77834f10914141710a"}
,"/Users/alberto/Documents/technical-challenge/source/functions/list-star-wars/service/get-star-wars.service.js": {"path":"/Users/alberto/Documents/technical-challenge/source/functions/list-star-wars/service/get-star-wars.service.js","statementMap":{"0":{"start":{"line":1,"column":33},"end":{"line":1,"column":68}},"1":{"start":{"line":19,"column":16},"end":{"line":35,"column":1}},"2":{"start":{"line":20,"column":17},"end":{"line":22,"column":3}},"3":{"start":{"line":24,"column":2},"end":{"line":34,"column":3}},"4":{"start":{"line":25,"column":28},"end":{"line":25,"column":65}},"5":{"start":{"line":26,"column":4},"end":{"line":26,"column":16}},"6":{"start":{"line":28,"column":24},"end":{"line":28,"column":92}},"7":{"start":{"line":30,"column":4},"end":{"line":30,"column":27}},"8":{"start":{"line":31,"column":4},"end":{"line":31,"column":33}},"9":{"start":{"line":33,"column":4},"end":{"line":33,"column":16}},"10":{"start":{"line":37,"column":0},"end":{"line":39,"column":2}},"11":{"start":{"line":46,"column":85},"end":{"line":46,"column":40061}},"12":{"start":{"line":46,"column":89},"end":{"line":46,"column":40050}}},"fnMap":{"0":{"name":"(anonymous_0)","decl":{"start":{"line":19,"column":16},"end":{"line":19,"column":17}},"loc":{"start":{"line":19,"column":28},"end":{"line":35,"column":1}},"line":19},"1":{"name":"oo_cm","decl":{"start":{"line":46,"column":77},"end":{"line":46,"column":82}},"loc":{"start":{"line":46,"column":84},"end":{"line":46,"column":40062}},"line":46}},"branchMap":{"0":{"loc":{"start":{"line":46,"column":96},"end":{"line":46,"column":40049}},"type":"binary-expr","locations":[{"start":{"line":46,"column":96},"end":{"line":46,"column":133}},{"start":{"line":46,"column":137},"end":{"line":46,"column":40049}}],"line":46}},"s":{"0":2,"1":2,"2":4,"3":4,"4":4,"5":2,"6":2,"7":2,"8":2,"9":2,"10":2,"11":2,"12":2},"f":{"0":4,"1":2},"b":{"0":[2,1]},"_coverageSchema":"1a1c01bbd47fc00a2c39e90264f33305004495a9","hash":"961bf79688b55d06eb44ffa288844cfc7eb81151"}
,"/Users/alberto/Documents/technical-challenge/source/functions/star-wars/handler.js": {"path":"/Users/alberto/Documents/technical-challenge/source/functions/star-wars/handler.js","statementMap":{"0":{"start":{"line":2,"column":73},"end":{"line":2,"column":103}},"1":{"start":{"line":3,"column":25},"end":{"line":3,"column":68}},"2":{"start":{"line":5,"column":0},"end":{"line":15,"column":2}},"3":{"start":{"line":6,"column":19},"end":{"line":6,"column":24}},"4":{"start":{"line":7,"column":2},"end":{"line":14,"column":3}},"5":{"start":{"line":8,"column":21},"end":{"line":8,"column":67}},"6":{"start":{"line":9,"column":21},"end":{"line":9,"column":63}},"7":{"start":{"line":10,"column":4},"end":{"line":10,"column":29}},"8":{"start":{"line":11,"column":4},"end":{"line":11,"column":16}},"9":{"start":{"line":13,"column":4},"end":{"line":13,"column":32}}},"fnMap":{"0":{"name":"(anonymous_0)","decl":{"start":{"line":5,"column":22},"end":{"line":5,"column":23}},"loc":{"start":{"line":5,"column":39},"end":{"line":15,"column":1}},"line":5}},"branchMap":{},"s":{"0":1,"1":1,"2":1,"3":7,"4":7,"5":7,"6":6,"7":5,"8":4,"9":3},"f":{"0":7},"b":{},"_coverageSchema":"1a1c01bbd47fc00a2c39e90264f33305004495a9","hash":"2a6f3db56b9327c34e801c568ac9e3923d6a2a91"}
,"/Users/alberto/Documents/technical-challenge/source/functions/star-wars/service/save-star-wars.service.js": {"path":"/Users/alberto/Documents/technical-challenge/source/functions/star-wars/service/save-star-wars.service.js","statementMap":{"0":{"start":{"line":1,"column":33},"end":{"line":1,"column":68}},"1":{"start":{"line":2,"column":23},"end":{"line":2,"column":38}},"2":{"start":{"line":16,"column":36},"end":{"line":29,"column":1}},"3":{"start":{"line":17,"column":22},"end":{"line":23,"column":3}},"4":{"start":{"line":24,"column":17},"end":{"line":24,"column":60}},"5":{"start":{"line":26,"column":2},"end":{"line":28,"column":3}},"6":{"start":{"line":27,"column":4},"end":{"line":27,"column":88}},"7":{"start":{"line":47,"column":21},"end":{"line":76,"column":1}},"8":{"start":{"line":48,"column":15},"end":{"line":51,"column":3}},"9":{"start":{"line":53,"column":2},"end":{"line":53,"column":60}},"10":{"start":{"line":55,"column":17},"end":{"line":63,"column":3}},"11":{"start":{"line":65,"column":2},"end":{"line":75,"column":3}},"12":{"start":{"line":66,"column":4},"end":{"line":66,"column":48}},"13":{"start":{"line":68,"column":24},"end":{"line":73,"column":6}},"14":{"start":{"line":74,"column":4},"end":{"line":74,"column":16}},"15":{"start":{"line":78,"column":0},"end":{"line":80,"column":2}},"16":{"start":{"line":87,"column":85},"end":{"line":87,"column":40061}},"17":{"start":{"line":87,"column":89},"end":{"line":87,"column":40050}}},"fnMap":{"0":{"name":"(anonymous_0)","decl":{"start":{"line":16,"column":36},"end":{"line":16,"column":37}},"loc":{"start":{"line":16,"column":57},"end":{"line":29,"column":1}},"line":16},"1":{"name":"(anonymous_1)","decl":{"start":{"line":47,"column":21},"end":{"line":47,"column":22}},"loc":{"start":{"line":47,"column":37},"end":{"line":76,"column":1}},"line":47},"2":{"name":"oo_cm","decl":{"start":{"line":87,"column":77},"end":{"line":87,"column":82}},"loc":{"start":{"line":87,"column":84},"end":{"line":87,"column":40062}},"line":87}},"branchMap":{"0":{"loc":{"start":{"line":26,"column":2},"end":{"line":28,"column":3}},"type":"if","locations":[{"start":{"line":26,"column":2},"end":{"line":28,"column":3}},{"start":{},"end":{}}],"line":26},"1":{"loc":{"start":{"line":26,"column":6},"end":{"line":26,"column":45}},"type":"binary-expr","locations":[{"start":{"line":26,"column":6},"end":{"line":26,"column":18}},{"start":{"line":26,"column":22},"end":{"line":26,"column":45}}],"line":26},"2":{"loc":{"start":{"line":49,"column":8},"end":{"line":49,"column":27}},"type":"binary-expr","locations":[{"start":{"line":49,"column":8},"end":{"line":49,"column":15}},{"start":{"line":49,"column":19},"end":{"line":49,"column":27}}],"line":49},"3":{"loc":{"start":{"line":87,"column":96},"end":{"line":87,"column":40049}},"type":"binary-expr","locations":[{"start":{"line":87,"column":96},"end":{"line":87,"column":133}},{"start":{"line":87,"column":137},"end":{"line":87,"column":40049}}],"line":87}},"s":{"0":1,"1":1,"2":1,"3":4,"4":4,"5":4,"6":1,"7":1,"8":4,"9":4,"10":3,"11":3,"12":3,"13":1,"14":1,"15":1,"16":1,"17":1},"f":{"0":4,"1":4,"2":1},"b":{"0":[1,3],"1":[4,4],"2":[4,1],"3":[1,1]},"_coverageSchema":"1a1c01bbd47fc00a2c39e90264f33305004495a9","hash":"25151a443ca06e0bfd7c3c4752b736654f019352"}
}
