TN:
SF:source/config/dynamodb.js
FNF:0
FNH:0
DA:1,1
DA:3,1
DA:9,1
DA:11,1
LF:4
LH:4
BRDA:4,0,0,1
BRDA:4,0,1,1
BRF:2
BRH:2
end_of_record
TN:
SF:source/functions/list-star-wars/handler.js
FN:3,(anonymous_0)
FNF:1
FNH:1
FNDA:3,(anonymous_0)
DA:1,1
DA:3,1
DA:4,3
DA:5,3
DA:6,2
DA:11,1
LF:6
LH:6
BRF:0
BRH:0
end_of_record
TN:
SF:source/functions/list-star-wars/service/get-star-wars.service.js
FN:19,(anonymous_0)
FN:46,oo_cm
FNF:2
FNH:2
FNDA:4,(anonymous_0)
FNDA:2,oo_cm
DA:1,2
DA:19,2
DA:20,4
DA:24,4
DA:25,4
DA:26,2
DA:28,2
DA:30,2
DA:31,2
DA:33,2
DA:37,2
DA:46,2
LF:12
LH:12
BRDA:46,0,0,2
BRDA:46,0,1,1
BRF:2
BRH:2
end_of_record
TN:
SF:source/functions/star-wars/handler.js
FN:5,(anonymous_0)
FNF:1
FNH:1
FNDA:7,(anonymous_0)
DA:2,1
DA:3,1
DA:5,1
DA:6,7
DA:7,7
DA:8,7
DA:9,6
DA:10,5
DA:11,4
DA:13,3
LF:10
LH:10
BRF:0
BRH:0
end_of_record
TN:
SF:source/functions/star-wars/service/save-star-wars.service.js
FN:16,(anonymous_0)
FN:47,(anonymous_1)
FN:87,oo_cm
FNF:3
FNH:3
FNDA:4,(anonymous_0)
FNDA:4,(anonymous_1)
FNDA:1,oo_cm
DA:1,1
DA:2,1
DA:16,1
DA:17,4
DA:24,4
DA:26,4
DA:27,1
DA:47,1
DA:48,4
DA:53,4
DA:55,3
DA:65,3
DA:66,3
DA:68,1
DA:74,1
DA:78,1
DA:87,1
LF:17
LH:17
BRDA:26,0,0,1
BRDA:26,0,1,3
BRDA:26,1,0,4
BRDA:26,1,1,4
BRDA:49,2,0,4
BRDA:49,2,1,1
BRDA:87,3,0,1
BRDA:87,3,1,1
BRF:8
BRH:8
end_of_record
